<?xml version="1.0" encoding="UTF-8"?>
<coverage generated="1731989225237" clover="3.2.0">
  <project timestamp="1731989225237" name="All files">
    <metrics statements="14" coveredstatements="14" conditionals="1" coveredconditionals="1" methods="1" coveredmethods="1" elements="16" coveredelements="16" complexity="0" loc="14" ncloc="14" packages="1" files="1" classes="1"/>
    <file name="app.ts" path="E:\Coding\code-testing\src\app.ts">
      <metrics statements="14" coveredstatements="14" conditionals="1" coveredconditionals="1" methods="1" coveredmethods="1"/>
      <line num="1" count="1" type="stmt"/>
      <line num="2" count="1" type="stmt"/>
      <line num="4" count="1" type="stmt"/>
      <line num="5" count="1" type="stmt"/>
      <line num="7" count="1" type="stmt"/>
      <line num="12" count="1" type="stmt"/>
      <line num="13" count="2" type="stmt"/>
      <line num="15" count="2" type="cond" truecount="1" falsecount="0"/>
      <line num="16" count="1" type="stmt"/>
      <line num="19" count="2" type="stmt"/>
      <line num="20" count="2" type="stmt"/>
      <line num="21" count="2" type="stmt"/>
      <line num="23" count="2" type="stmt"/>
      <line num="26" count="1" type="stmt"/>
    </file>
  </project>
</coverage>
